Analysis initiated from SIMULIA established products
Abaqus JOB Job-1
Abaqus 2021
Abaqus License Manager checked out the following licenses:
Abaqus/Standard checked out 8 tokens from Flexnet server localhost.
<9991 out of 9999 licenses remain available>.
Begin Analysis Input File Processor
11/27/2022 9:54:23 PM
Run pre.exe
11/27/2022 9:54:27 PM
End Analysis Input File Processor
Begin Abaqus/Standard Analysis
11/27/2022 9:54:27 PM
Run standard.exe
11/27/2022 9:54:31 PM
End Abaqus/Standard Analysis
Begin SIM Wrap-up
11/27/2022 9:54:32 PM
Run SMASimUtility.exe
11/27/2022 9:54:32 PM
End SIM Wrap-up
Abaqus JOB Job-1 COMPLETED
