1
0
1
ASSEMBLY
1
TRUSS_PART-1
TRUSS_PART
1
TRUSS_PART-1
12
1 1
2 2
3 3
4 4
5 5
6 6
7 7
8 8
9 9
10 10
11 11
12 12
1 1
2 2
3 3
4 4
5 5
6 6
7 7
8 8
9 9
10 10
11 11
12 12
0
1
TRUSS_PART-1
23
1 1
2 2
3 3
4 4
5 5
6 6
7 7
8 8
9 9
10 10
11 11
12 12
13 13
14 14
15 15
16 16
17 17
18 18
19 19
20 20
21 21
22 22
23 23
1 1
2 2
3 3
4 4
5 5
6 6
7 7
8 8
9 9
10 10
11 11
12 12
13 13
14 14
15 15
16 16
17 17
18 18
19 19
20 20
21 21
22 22
23 23
0
0
1
TRUSS_PART-1
3
SET-1
0
1
4
3 6 15 23 
0
0
SET-2
0
1
5
2 5 16 19 21 
0
0
SET-3
0
1
14
1 4 7 8 9 10 11 12 13 14 17 18 20 22 
0
0
0
11
SET-1
0
1
0
1
TRUSS_PART-1
1
12 
0
SET-10
0
1
0
1
TRUSS_PART-1
1
1 
0
SET-11
0
1
0
1
TRUSS_PART-1
1
5 
0
SET-2
0
1
0
1
TRUSS_PART-1
1
11 
0
SET-3
0
1
0
1
TRUSS_PART-1
1
4 
0
SET-4
0
1
0
1
TRUSS_PART-1
1
3 
0
SET-5
0
1
0
1
TRUSS_PART-1
1
5 
0
SET-6
0
1
0
1
TRUSS_PART-1
1
2 
0
SET-7
0
1
0
1
TRUSS_PART-1
1
7 
0
SET-8
0
1
0
1
TRUSS_PART-1
1
8 
0
SET-9
0
1
0
1
TRUSS_PART-1
1
1 
0
1
TRUSS_PART-1
3
SET-1
0
1
5
3 4 5 11 12 
0
0
SET-2
0
1
10
1 2 3 4 5 7 8 9 11 12 
0
0
SET-3
0
1
12
1 2 3 4 5 6 7 8 9 10 11 12 
0
0
0
0
0
